<?xml version="1.0" encoding="UTF-8"?>
<testng-results ignored="0" total="1" passed="1" failed="0" skipped="0">
  <reporter-output>
  </reporter-output>
  <suite started-at="2023-06-01T08:40:44 IST" name="Default suite" finished-at="2023-06-01T08:42:17 IST" duration-ms="93154">
    <groups>
    </groups>
    <test started-at="2023-06-01T08:40:44 IST" name="Default test" finished-at="2023-06-01T08:42:17 IST" duration-ms="93154">
      <class name="TestCases.NavigatingMenusandValidatingTitleTestCases">
        <test-method is-config="true" signature="start()[pri:0, instance:TestCases.NavigatingMenusandValidatingTitleTestCases@51e69659]" started-at="2023-06-01T08:40:44 IST" name="start" finished-at="2023-06-01T08:41:14 IST" duration-ms="30813" status="PASS">
          <reporter-output>
          </reporter-output>
        </test-method> <!-- start -->
        <test-method signature="pageNavigation()[pri:0, instance:TestCases.NavigatingMenusandValidatingTitleTestCases@51e69659]" started-at="2023-06-01T08:41:14 IST" name="pageNavigation" finished-at="2023-06-01T08:42:15 IST" duration-ms="60708" status="PASS">
          <reporter-output>
          </reporter-output>
        </test-method> <!-- pageNavigation -->
        <test-method is-config="true" signature="close()[pri:0, instance:TestCases.NavigatingMenusandValidatingTitleTestCases@51e69659]" started-at="2023-06-01T08:42:15 IST" name="close" finished-at="2023-06-01T08:42:17 IST" duration-ms="1500" status="PASS">
          <reporter-output>
          </reporter-output>
        </test-method> <!-- close -->
      </class> <!-- TestCases.NavigatingMenusandValidatingTitleTestCases -->
    </test> <!-- Default test -->
  </suite> <!-- Default suite -->
</testng-results>
